  Battleships.cpp
C:\Users\VWX40C1\Desktop\Coding\C++\Battleships\UI.h(25,26): error C2061: Syntaxfehler: Bezeichner "Player"
C:\Users\VWX40C1\Desktop\Coding\C++\Battleships\UI.h(27,26): error C2061: Syntaxfehler: Bezeichner "Player"
C:\Users\VWX40C1\Desktop\Coding\C++\Battleships\UI.h(29,38): error C2065: "Player": nichtdeklarierter Bezeichner
C:\Users\VWX40C1\Desktop\Coding\C++\Battleships\UI.h(29,31): error C2923: "std::vector": "Player" ist kein gültiges Vorlage-Typargument für den _Ty-Parameter.
C:\Users\VWX40C1\Desktop\Coding\C++\Battleships\UI.h(29): message : Siehe Deklaration von "Player"
C:\Users\VWX40C1\Desktop\Coding\C++\Battleships\UI.h(29,31): error C2976: "std::vector": Nicht genügend Vorlage-Argumente.
C:\Program Files (x86)\Microsoft Visual Studio\2019\Community\VC\Tools\MSVC\14.29.30133\include\vector(430): message : Siehe Deklaration von "std::vector"
C:\Users\VWX40C1\Desktop\Coding\C++\Battleships\UI.h(31,37): error C2061: Syntaxfehler: Bezeichner "Player"
  Game.cpp
C:\Users\VWX40C1\Desktop\Coding\C++\Battleships\UI.h(25,26): error C2061: Syntaxfehler: Bezeichner "Player"
C:\Users\VWX40C1\Desktop\Coding\C++\Battleships\UI.h(27,26): error C2061: Syntaxfehler: Bezeichner "Player"
C:\Users\VWX40C1\Desktop\Coding\C++\Battleships\UI.h(29,38): error C2065: "Player": nichtdeklarierter Bezeichner
C:\Users\VWX40C1\Desktop\Coding\C++\Battleships\UI.h(29,31): error C2923: "std::vector": "Player" ist kein gültiges Vorlage-Typargument für den _Ty-Parameter.
C:\Users\VWX40C1\Desktop\Coding\C++\Battleships\UI.h(29): message : Siehe Deklaration von "Player"
C:\Users\VWX40C1\Desktop\Coding\C++\Battleships\UI.h(29,31): error C2976: "std::vector": Nicht genügend Vorlage-Argumente.
C:\Program Files (x86)\Microsoft Visual Studio\2019\Community\VC\Tools\MSVC\14.29.30133\include\vector(430): message : Siehe Deklaration von "std::vector"
C:\Users\VWX40C1\Desktop\Coding\C++\Battleships\UI.h(31,37): error C2061: Syntaxfehler: Bezeichner "Player"
C:\Users\VWX40C1\Desktop\Coding\C++\Battleships\Game.cpp(57,24): error C2662: "void UI::goBack(void)": this-Zeiger kann nicht von "Game" in "UI &" konvertiert werden
C:\Users\VWX40C1\Desktop\Coding\C++\Battleships\Game.cpp(57,24): message : Ursache: Konvertierung von "Game" in "UI" nicht möglich
C:\Users\VWX40C1\Desktop\Coding\C++\Battleships\Game.cpp(57,29): message : Konvertierung erfordert einen zweiten benutzerdefinierten Konvertierungsoperator oder Konstruktor
C:\Users\VWX40C1\Desktop\Coding\C++\Battleships\UI.h(33,7): message : Siehe Deklaration von "UI::goBack"
C:\Users\VWX40C1\Desktop\Coding\C++\Battleships\Game.cpp(63,24): error C2662: "void UI::goBack(void)": this-Zeiger kann nicht von "Game" in "UI &" konvertiert werden
C:\Users\VWX40C1\Desktop\Coding\C++\Battleships\Game.cpp(63,24): message : Ursache: Konvertierung von "Game" in "UI" nicht möglich
C:\Users\VWX40C1\Desktop\Coding\C++\Battleships\Game.cpp(63,29): message : Konvertierung erfordert einen zweiten benutzerdefinierten Konvertierungsoperator oder Konstruktor
C:\Users\VWX40C1\Desktop\Coding\C++\Battleships\UI.h(33,7): message : Siehe Deklaration von "UI::goBack"
C:\Users\VWX40C1\Desktop\Coding\C++\Battleships\Game.cpp(68,77): warning C4244: "Argument": Konvertierung von "double" in "int", möglicher Datenverlust
C:\Users\VWX40C1\Desktop\Coding\C++\Battleships\Game.cpp(68,57): warning C4244: "Argument": Konvertierung von "double" in "int", möglicher Datenverlust
C:\Users\VWX40C1\Desktop\Coding\C++\Battleships\Game.cpp(70,66): warning C4244: "Argument": Konvertierung von "double" in "int", möglicher Datenverlust
C:\Users\VWX40C1\Desktop\Coding\C++\Battleships\Game.cpp(72,66): warning C4244: "Argument": Konvertierung von "double" in "int", möglicher Datenverlust
C:\Users\VWX40C1\Desktop\Coding\C++\Battleships\Game.cpp(77,70): warning C4244: "Argument": Konvertierung von "double" in "int", möglicher Datenverlust
C:\Users\VWX40C1\Desktop\Coding\C++\Battleships\Game.cpp(89,77): warning C4244: "Argument": Konvertierung von "double" in "int", möglicher Datenverlust
C:\Users\VWX40C1\Desktop\Coding\C++\Battleships\Game.cpp(89,57): warning C4244: "Argument": Konvertierung von "double" in "int", möglicher Datenverlust
C:\Users\VWX40C1\Desktop\Coding\C++\Battleships\Game.cpp(96,66): warning C4244: "Argument": Konvertierung von "double" in "int", möglicher Datenverlust
C:\Users\VWX40C1\Desktop\Coding\C++\Battleships\Game.cpp(98,66): warning C4244: "Argument": Konvertierung von "double" in "int", möglicher Datenverlust
C:\Users\VWX40C1\Desktop\Coding\C++\Battleships\Game.cpp(100,66): warning C4244: "Argument": Konvertierung von "double" in "int", möglicher Datenverlust
C:\Users\VWX40C1\Desktop\Coding\C++\Battleships\Game.cpp(103,19): warning C4804: "<": unsichere Verwendung des Typs "bool" in einer Operation
C:\Users\VWX40C1\Desktop\Coding\C++\Battleships\Game.cpp(111,70): warning C4244: "Argument": Konvertierung von "double" in "int", möglicher Datenverlust
C:\Users\VWX40C1\Desktop\Coding\C++\Battleships\Game.cpp(120,34): error C2065: "SHIPCOUNT": nichtdeklarierter Bezeichner
C:\Users\VWX40C1\Desktop\Coding\C++\Battleships\Game.cpp(121,77): warning C4244: "Argument": Konvertierung von "double" in "int", möglicher Datenverlust
C:\Users\VWX40C1\Desktop\Coding\C++\Battleships\Game.cpp(121,57): warning C4244: "Argument": Konvertierung von "double" in "int", möglicher Datenverlust
C:\Users\VWX40C1\Desktop\Coding\C++\Battleships\Game.cpp(123,66): warning C4244: "Argument": Konvertierung von "double" in "int", möglicher Datenverlust
C:\Users\VWX40C1\Desktop\Coding\C++\Battleships\Game.cpp(125,13): error C3861: "cursorHorizontalAbsolute": Bezeichner wurde nicht gefunden.
C:\Users\VWX40C1\Desktop\Coding\C++\Battleships\Game.cpp(142,77): warning C4244: "Argument": Konvertierung von "double" in "int", möglicher Datenverlust
C:\Users\VWX40C1\Desktop\Coding\C++\Battleships\Game.cpp(142,57): warning C4244: "Argument": Konvertierung von "double" in "int", möglicher Datenverlust
C:\Users\VWX40C1\Desktop\Coding\C++\Battleships\Game.cpp(149,66): warning C4244: "Argument": Konvertierung von "double" in "int", möglicher Datenverlust
C:\Users\VWX40C1\Desktop\Coding\C++\Battleships\Game.cpp(151,66): warning C4244: "Argument": Konvertierung von "double" in "int", möglicher Datenverlust
C:\Users\VWX40C1\Desktop\Coding\C++\Battleships\Game.cpp(153,66): warning C4244: "Argument": Konvertierung von "double" in "int", möglicher Datenverlust
C:\Users\VWX40C1\Desktop\Coding\C++\Battleships\Game.cpp(164,69): warning C4244: "Argument": Konvertierung von "double" in "int", möglicher Datenverlust
C:\Users\VWX40C1\Desktop\Coding\C++\Battleships\Game.cpp(171,25): error C2653: "Menu": Keine Klasse oder Namespace
C:\Users\VWX40C1\Desktop\Coding\C++\Battleships\Game.cpp(171,31): error C3861: "goBack": Bezeichner wurde nicht gefunden.
C:\Users\VWX40C1\Desktop\Coding\C++\Battleships\Game.cpp(173,60): error C2653: "Menu": Keine Klasse oder Namespace
C:\Users\VWX40C1\Desktop\Coding\C++\Battleships\Game.cpp(173,66): error C3861: "goBack": Bezeichner wurde nicht gefunden.
C:\Users\VWX40C1\Desktop\Coding\C++\Battleships\Game.cpp(174,59): error C2653: "Menu": Keine Klasse oder Namespace
C:\Users\VWX40C1\Desktop\Coding\C++\Battleships\Game.cpp(174,65): error C3861: "goBack": Bezeichner wurde nicht gefunden.
C:\Users\VWX40C1\Desktop\Coding\C++\Battleships\Game.cpp(175,58): error C2653: "Menu": Keine Klasse oder Namespace
C:\Users\VWX40C1\Desktop\Coding\C++\Battleships\Game.cpp(175,64): error C3861: "goBack": Bezeichner wurde nicht gefunden.
C:\Users\VWX40C1\Desktop\Coding\C++\Battleships\Game.cpp(176,25): error C2653: "Menu": Keine Klasse oder Namespace
C:\Users\VWX40C1\Desktop\Coding\C++\Battleships\Game.cpp(176,31): error C3861: "goBack": Bezeichner wurde nicht gefunden.
C:\Users\VWX40C1\Desktop\Coding\C++\Battleships\Game.cpp(178,66): error C2653: "Menu": Keine Klasse oder Namespace
C:\Users\VWX40C1\Desktop\Coding\C++\Battleships\Game.cpp(178,72): error C3861: "goBack": Bezeichner wurde nicht gefunden.
C:\Users\VWX40C1\Desktop\Coding\C++\Battleships\Game.cpp(179,68): error C2653: "Menu": Keine Klasse oder Namespace
C:\Users\VWX40C1\Desktop\Coding\C++\Battleships\Game.cpp(179,74): error C3861: "goBack": Bezeichner wurde nicht gefunden.
C:\Users\VWX40C1\Desktop\Coding\C++\Battleships\Game.cpp(180,66): error C2653: "Menu": Keine Klasse oder Namespace
C:\Users\VWX40C1\Desktop\Coding\C++\Battleships\Game.cpp(180,72): error C3861: "goBack": Bezeichner wurde nicht gefunden.
C:\Users\VWX40C1\Desktop\Coding\C++\Battleships\Game.cpp(181,25): error C2653: "Menu": Keine Klasse oder Namespace
C:\Users\VWX40C1\Desktop\Coding\C++\Battleships\Game.cpp(181,31): error C3861: "goBack": Bezeichner wurde nicht gefunden.
C:\Users\VWX40C1\Desktop\Coding\C++\Battleships\Game.cpp(214,70): warning C4244: "Argument": Konvertierung von "double" in "int", möglicher Datenverlust
C:\Users\VWX40C1\Desktop\Coding\C++\Battleships\Game.cpp(214,49): warning C4244: "Argument": Konvertierung von "double" in "int", möglicher Datenverlust
C:\Users\VWX40C1\Desktop\Coding\C++\Battleships\Game.cpp(219,82): warning C4244: "Argument": Konvertierung von "double" in "int", möglicher Datenverlust
C:\Users\VWX40C1\Desktop\Coding\C++\Battleships\Game.cpp(219,60): warning C4244: "Argument": Konvertierung von "double" in "int", möglicher Datenverlust
C:\Users\VWX40C1\Desktop\Coding\C++\Battleships\Game.cpp(232,117): error C2059: Syntaxfehler: ")"
C:\Users\VWX40C1\Desktop\Coding\C++\Battleships\Game.cpp(233,49): error C2065: "length": nichtdeklarierter Bezeichner
C:\Users\VWX40C1\Desktop\Coding\C++\Battleships\Game.cpp(254,50): error C2660: "UI::renderShoot": Funktion akzeptiert keine 2 Argumente
C:\Users\VWX40C1\Desktop\Coding\C++\Battleships\UI.h(27,14): message : Siehe Deklaration von "UI::renderShoot"
C:\Users\VWX40C1\Desktop\Coding\C++\Battleships\Game.cpp(278,21): error C2065: "players": nichtdeklarierter Bezeichner
C:\Users\VWX40C1\Desktop\Coding\C++\Battleships\Game.cpp(287,21): error C3861: "render": Bezeichner wurde nicht gefunden.
C:\Users\VWX40C1\Desktop\Coding\C++\Battleships\Game.cpp(339,73): warning C4244: "Argument": Konvertierung von "double" in "int", möglicher Datenverlust
C:\Users\VWX40C1\Desktop\Coding\C++\Battleships\Game.cpp(339,53): warning C4244: "Argument": Konvertierung von "double" in "int", möglicher Datenverlust
C:\Users\VWX40C1\Desktop\Coding\C++\Battleships\Game.cpp(350,44): error C2036: "const Player::Ships *": Unbekannte Größe
C:\Users\VWX40C1\Desktop\Coding\C++\Battleships\Game.cpp(351,12): error C2027: Verwendung des undefinierten Typs "Player::Ships"
C:\Users\VWX40C1\Desktop\Coding\C++\Battleships\Player.h(20): message : Siehe Deklaration von "Player::Ships"
  Player.cpp
C:\Users\VWX40C1\Desktop\Coding\C++\Battleships\Game.h(23,8): error C3646: "gameSetup": Unbekannter Überschreibungsspezifizierer
C:\Users\VWX40C1\Desktop\Coding\C++\Battleships\Game.h(23,17): error C4430: Fehlender Typspezifizierer - int wird angenommen. Hinweis: "default-int" wird von C++ nicht unterstützt.
C:\Users\VWX40C1\Desktop\Coding\C++\Battleships\Game.h(26,14): error C2065: "Player": nichtdeklarierter Bezeichner
C:\Users\VWX40C1\Desktop\Coding\C++\Battleships\Game.h(26,7): error C2923: "std::vector": "Player" ist kein gültiges Vorlage-Typargument für den _Ty-Parameter.
C:\Users\VWX40C1\Desktop\Coding\C++\Battleships\Game.h(26): message : Siehe Deklaration von "Player"
C:\Users\VWX40C1\Desktop\Coding\C++\Battleships\Game.h(26,7): error C2976: "std::vector": Nicht genügend Vorlage-Argumente.
C:\Program Files (x86)\Microsoft Visual Studio\2019\Community\VC\Tools\MSVC\14.29.30133\include\vector(430): message : Siehe Deklaration von "std::vector"
C:\Users\VWX40C1\Desktop\Coding\C++\Battleships\Game.h(27,52): error C2039: "string" ist kein Member von "std".
C:\Program Files (x86)\Microsoft Visual Studio\2019\Community\VC\Tools\MSVC\14.29.30133\include\functional(31): message : Siehe Deklaration von "std"
C:\Users\VWX40C1\Desktop\Coding\C++\Battleships\Game.h(27,58): error C2065: "string": nichtdeklarierter Bezeichner
C:\Users\VWX40C1\Desktop\Coding\C++\Battleships\Game.h(27,36): error C2923: "std::pair": "string" ist kein gültiges Vorlage-Typargument für den _Ty2-Parameter.
C:\Users\VWX40C1\Desktop\Coding\C++\Battleships\Game.h(27): message : Siehe Deklaration von "string"
C:\Users\VWX40C1\Desktop\Coding\C++\Battleships\Game.h(27,36): error C3203: "pair" : Klasse Vorlage (nicht spezialisiert) kann nicht als Vorlage-Argument für den Vorlage-Parameter "_Ty" verwendet werden, ein realer Typ wurde erwartet.
C:\Users\VWX40C1\Desktop\Coding\C++\Battleships\Game.h(50,34): error C4430: Fehlender Typspezifizierer - int wird angenommen. Hinweis: "default-int" wird von C++ nicht unterstützt.
C:\Users\VWX40C1\Desktop\Coding\C++\Battleships\Game.h(50,34): error C2143: Syntaxfehler: Es fehlt "," vor "&"
C:\Users\VWX40C1\Desktop\Coding\C++\Battleships\UI.h(25,26): error C2061: Syntaxfehler: Bezeichner "Player"
C:\Users\VWX40C1\Desktop\Coding\C++\Battleships\UI.h(27,26): error C2061: Syntaxfehler: Bezeichner "Player"
C:\Users\VWX40C1\Desktop\Coding\C++\Battleships\UI.h(29,38): error C2065: "Player": nichtdeklarierter Bezeichner
C:\Users\VWX40C1\Desktop\Coding\C++\Battleships\UI.h(29,31): error C2923: "std::vector": "Player" ist kein gültiges Vorlage-Typargument für den _Ty-Parameter.
C:\Users\VWX40C1\Desktop\Coding\C++\Battleships\UI.h(29): message : Siehe Deklaration von "Player"
C:\Users\VWX40C1\Desktop\Coding\C++\Battleships\UI.h(29,31): error C2976: "std::vector": Nicht genügend Vorlage-Argumente.
C:\Program Files (x86)\Microsoft Visual Studio\2019\Community\VC\Tools\MSVC\14.29.30133\include\vector(430): message : Siehe Deklaration von "std::vector"
C:\Users\VWX40C1\Desktop\Coding\C++\Battleships\UI.h(31,37): error C2061: Syntaxfehler: Bezeichner "Player"
C:\Users\VWX40C1\Desktop\Coding\C++\Battleships\Player.cpp(27,70): warning C4244: "Argument": Konvertierung von "double" in "int", möglicher Datenverlust
C:\Users\VWX40C1\Desktop\Coding\C++\Battleships\Player.cpp(27,49): warning C4244: "Argument": Konvertierung von "double" in "int", möglicher Datenverlust
C:\Users\VWX40C1\Desktop\Coding\C++\Battleships\Player.cpp(29,74): warning C4244: "Argument": Konvertierung von "double" in "int", möglicher Datenverlust
C:\Users\VWX40C1\Desktop\Coding\C++\Battleships\Player.cpp(29,56): warning C4244: "Argument": Konvertierung von "double" in "int", möglicher Datenverlust
C:\Users\VWX40C1\Desktop\Coding\C++\Battleships\Player.cpp(31,74): warning C4244: "Argument": Konvertierung von "double" in "int", möglicher Datenverlust
C:\Users\VWX40C1\Desktop\Coding\C++\Battleships\Player.cpp(31,56): warning C4244: "Argument": Konvertierung von "double" in "int", möglicher Datenverlust
C:\Users\VWX40C1\Desktop\Coding\C++\Battleships\Player.cpp(38,9): error C2039: "render" ist kein Member von "UI".
C:\Users\VWX40C1\Desktop\Coding\C++\Battleships\UI.h(13): message : Siehe Deklaration von "UI"
C:\Users\VWX40C1\Desktop\Coding\C++\Battleships\Player.cpp(38,33): error C2838: "ALL": Unzulässiger qualifizierter Name in der Memberdeklaration.
C:\Users\VWX40C1\Desktop\Coding\C++\Battleships\Player.cpp(38,36): error C2065: "ALL": nichtdeklarierter Bezeichner
C:\Users\VWX40C1\Desktop\Coding\C++\Battleships\Player.cpp(38,38): error C2065: "PLACE": nichtdeklarierter Bezeichner
C:\Users\VWX40C1\Desktop\Coding\C++\Battleships\Player.cpp(38,15): error C3861: "render": Bezeichner wurde nicht gefunden.
C:\Users\VWX40C1\Desktop\Coding\C++\Battleships\Player.cpp(49,65): error C2660: "UI::renderPlace": Funktion akzeptiert keine 4 Argumente
C:\Users\VWX40C1\Desktop\Coding\C++\Battleships\UI.h(25,14): message : Siehe Deklaration von "UI::renderPlace"
C:\Users\VWX40C1\Desktop\Coding\C++\Battleships\Player.cpp(70,24): error C2660: "Player::isValidPlacement": Funktion akzeptiert keine 4 Argumente
C:\Users\VWX40C1\Desktop\Coding\C++\Battleships\Player.h(37,10): message : Siehe Deklaration von "Player::isValidPlacement"
C:\Program Files (x86)\Microsoft Visual Studio\2019\Community\VC\Tools\MSVC\14.29.30133\include\vector(708,1): error C2036: "Player::Ships *": Unbekannte Größe
C:\Program Files (x86)\Microsoft Visual Studio\2019\Community\VC\Tools\MSVC\14.29.30133\include\vector(726): message : Siehe Verweis auf die gerade kompilierte Instanziierung "decltype(auto) std::vector<Player::Ships,std::allocator<Player::Ships>>::_Emplace_back_with_unused_capacity<int&,_Ty,std::pair<int,int>>(int &,_Ty &&,std::pair<int,int> &&)" der Funktions-Vorlage.
          with
          [
              _Ty=Rotation
          ]
C:\Users\VWX40C1\Desktop\Coding\C++\Battleships\Player.cpp(90): message : Siehe Verweis auf die gerade kompilierte Instanziierung "decltype(auto) std::vector<Player::Ships,std::allocator<Player::Ships>>::emplace_back<int&,Rotation,std::pair<int,int>>(int &,Rotation &&,std::pair<int,int> &&)" der Funktions-Vorlage.
C:\Users\VWX40C1\Desktop\Coding\C++\Battleships\Player.cpp(108,32): error C2036: "Player::Ships *": Unbekannte Größe
C:\Users\VWX40C1\Desktop\Coding\C++\Battleships\Player.cpp(109,12): error C2027: Verwendung des undefinierten Typs "Player::Ships"
C:\Users\VWX40C1\Desktop\Coding\C++\Battleships\Player.h(20): message : Siehe Deklaration von "Player::Ships"
C:\Users\VWX40C1\Desktop\Coding\C++\Battleships\Player.cpp(111,16): error C2027: Verwendung des undefinierten Typs "Player::Ships"
C:\Users\VWX40C1\Desktop\Coding\C++\Battleships\Player.h(20): message : Siehe Deklaration von "Player::Ships"
C:\Users\VWX40C1\Desktop\Coding\C++\Battleships\Player.cpp(113,30): error C2027: Verwendung des undefinierten Typs "Player::Ships"
C:\Users\VWX40C1\Desktop\Coding\C++\Battleships\Player.h(20): message : Siehe Deklaration von "Player::Ships"
C:\Users\VWX40C1\Desktop\Coding\C++\Battleships\Player.cpp(125,38): error C2036: "Player::Ships *": Unbekannte Größe
C:\Users\VWX40C1\Desktop\Coding\C++\Battleships\Player.cpp(126,12): error C2027: Verwendung des undefinierten Typs "Player::Ships"
C:\Users\VWX40C1\Desktop\Coding\C++\Battleships\Player.h(20): message : Siehe Deklaration von "Player::Ships"
C:\Users\VWX40C1\Desktop\Coding\C++\Battleships\Player.cpp(127,49): error C2027: Verwendung des undefinierten Typs "Player::Ships"
C:\Users\VWX40C1\Desktop\Coding\C++\Battleships\Player.h(20): message : Siehe Deklaration von "Player::Ships"
C:\Users\VWX40C1\Desktop\Coding\C++\Battleships\Player.cpp(127,9): error C2530: "segment": Verweise müssen initialisiert werden
C:\Users\VWX40C1\Desktop\Coding\C++\Battleships\Player.cpp(127,9): error C3531: "segment": Ein Symbol, dessen Typ "auto" enthält, muss einen Initialisierer aufweisen.
C:\Users\VWX40C1\Desktop\Coding\C++\Battleships\Player.cpp(127,34): error C2143: Syntaxfehler: Es fehlt ";" vor ":"
C:\Users\VWX40C1\Desktop\Coding\C++\Battleships\Player.cpp(127,9): error C2027: Verwendung des undefinierten Typs "Player::Ships"
C:\Users\VWX40C1\Desktop\Coding\C++\Battleships\Player.h(20): message : Siehe Deklaration von "Player::Ships"
C:\Users\VWX40C1\Desktop\Coding\C++\Battleships\Player.cpp(127,49): error C2143: Syntaxfehler: Es fehlt ";" vor ")"
C:\Users\VWX40C1\Desktop\Coding\C++\Battleships\Player.cpp(134,24): error C2084: Funktion "void Player::askName(void)" hat bereits einen Funktionsrumpf
C:\Users\VWX40C1\Desktop\Coding\C++\Battleships\Player.cpp(23): message : Siehe vorherige Definition von "askName"
C:\Users\VWX40C1\Desktop\Coding\C++\Battleships\Player.cpp(135,5): error C3861: "titleBox": Bezeichner wurde nicht gefunden.
C:\Users\VWX40C1\Desktop\Coding\C++\Battleships\Player.cpp(136,22): error C2065: "NAME": nichtdeklarierter Bezeichner
C:\Users\VWX40C1\Desktop\Coding\C++\Battleships\Player.cpp(136,5): error C3861: "currentControlls": Bezeichner wurde nicht gefunden.
C:\Users\VWX40C1\Desktop\Coding\C++\Battleships\Player.cpp(137,5): error C3861: "showCursor": Bezeichner wurde nicht gefunden.
C:\Users\VWX40C1\Desktop\Coding\C++\Battleships\Player.cpp(138,5): error C3861: "cursorPosition": Bezeichner wurde nicht gefunden.
C:\Users\VWX40C1\Desktop\Coding\C++\Battleships\Player.cpp(140,5): error C3861: "cursorPosition": Bezeichner wurde nicht gefunden.
C:\Users\VWX40C1\Desktop\Coding\C++\Battleships\Player.cpp(142,5): error C3861: "cursorPosition": Bezeichner wurde nicht gefunden.
C:\Users\VWX40C1\Desktop\Coding\C++\Battleships\Player.cpp(144,5): error C3861: "hideCursor": Bezeichner wurde nicht gefunden.
  Setup.cpp
C:\Users\VWX40C1\Desktop\Coding\C++\Battleships\Game.h(23,8): error C3646: "gameSetup": Unbekannter Überschreibungsspezifizierer
C:\Users\VWX40C1\Desktop\Coding\C++\Battleships\Game.h(23,17): error C4430: Fehlender Typspezifizierer - int wird angenommen. Hinweis: "default-int" wird von C++ nicht unterstützt.
C:\Users\VWX40C1\Desktop\Coding\C++\Battleships\Setup.cpp(61,28): warning C4244: "Initialisierung": Konvertierung von "double" in "int", möglicher Datenverlust
C:\Users\VWX40C1\Desktop\Coding\C++\Battleships\Setup.cpp(71,28): warning C4244: "Initialisierung": Konvertierung von "double" in "int", möglicher Datenverlust
C:\Users\VWX40C1\Desktop\Coding\C++\Battleships\Setup.cpp(92,32): warning C4244: "=": Konvertierung von "__int64" in "int", möglicher Datenverlust
C:\Users\VWX40C1\Desktop\Coding\C++\Battleships\Setup.cpp(110,61): warning C4267: "=": Konvertierung von "size_t" nach "int", Datenverlust möglich
C:\Users\VWX40C1\Desktop\Coding\C++\Battleships\Setup.cpp(114,20): warning C4244: "Initialisierung": Konvertierung von "__int64" in "int", möglicher Datenverlust
  UI.cpp
C:\Users\VWX40C1\Desktop\Coding\C++\Battleships\UI.cpp(3,28): error C2724: "UI::titleBox": "static" sollte nicht für Memberfunktionen verwendet werden, die außerhalb der Klasse definiert werden
C:\Users\VWX40C1\Desktop\Coding\C++\Battleships\UI.cpp(8,26): error C2065: "consoleWidth": nichtdeklarierter Bezeichner
C:\Users\VWX40C1\Desktop\Coding\C++\Battleships\UI.cpp(12,26): error C2065: "consoleWidth": nichtdeklarierter Bezeichner
C:\Users\VWX40C1\Desktop\Coding\C++\Battleships\UI.cpp(14,25): error C2065: "consoleHeight": nichtdeklarierter Bezeichner
C:\Users\VWX40C1\Desktop\Coding\C++\Battleships\UI.cpp(15,25): error C2065: "consoleWidth": nichtdeklarierter Bezeichner
C:\Users\VWX40C1\Desktop\Coding\C++\Battleships\UI.cpp(16,38): error C2065: "consoleWidth": nichtdeklarierter Bezeichner
C:\Users\VWX40C1\Desktop\Coding\C++\Battleships\UI.cpp(17,25): error C2065: "consoleHeight": nichtdeklarierter Bezeichner
C:\Users\VWX40C1\Desktop\Coding\C++\Battleships\UI.cpp(17,91): error C2065: "consoleWidth": nichtdeklarierter Bezeichner
C:\Users\VWX40C1\Desktop\Coding\C++\Battleships\UI.cpp(20,48): error C2724: "UI::currentControlls": "static" sollte nicht für Memberfunktionen verwendet werden, die außerhalb der Klasse definiert werden
C:\Users\VWX40C1\Desktop\Coding\C++\Battleships\UI.cpp(21,35): error C2065: "consoleHeight": nichtdeklarierter Bezeichner
C:\Users\VWX40C1\Desktop\Coding\C++\Battleships\UI.cpp(26,11): error C2440: "Typumwandlung": "int" kann nicht in "Controlls" konvertiert werden
C:\Users\VWX40C1\Desktop\Coding\C++\Battleships\UI.cpp(26,10): message : Konvertierung in einen Enumerationstypen erfordert explizite Typumwandlung (static_cast-Operator oder eine Typumwandlung im C- oder Funktionsformat)
C:\Users\VWX40C1\Desktop\Coding\C++\Battleships\UI.cpp(26,5): error C2046: Schlüsselwort "case" ungültig
C:\Users\VWX40C1\Desktop\Coding\C++\Battleships\UI.cpp(29,11): error C2440: "Typumwandlung": "int" kann nicht in "Controlls" konvertiert werden
C:\Users\VWX40C1\Desktop\Coding\C++\Battleships\UI.cpp(29,10): message : Konvertierung in einen Enumerationstypen erfordert explizite Typumwandlung (static_cast-Operator oder eine Typumwandlung im C- oder Funktionsformat)
C:\Users\VWX40C1\Desktop\Coding\C++\Battleships\UI.cpp(29,5): error C2046: Schlüsselwort "case" ungültig
C:\Users\VWX40C1\Desktop\Coding\C++\Battleships\UI.cpp(32,11): error C2440: "Typumwandlung": "int" kann nicht in "Controlls" konvertiert werden
C:\Users\VWX40C1\Desktop\Coding\C++\Battleships\UI.cpp(32,10): message : Konvertierung in einen Enumerationstypen erfordert explizite Typumwandlung (static_cast-Operator oder eine Typumwandlung im C- oder Funktionsformat)
C:\Users\VWX40C1\Desktop\Coding\C++\Battleships\UI.cpp(32,5): error C2046: Schlüsselwort "case" ungültig
C:\Users\VWX40C1\Desktop\Coding\C++\Battleships\UI.cpp(35,11): error C2440: "Typumwandlung": "int" kann nicht in "Controlls" konvertiert werden
C:\Users\VWX40C1\Desktop\Coding\C++\Battleships\UI.cpp(35,10): message : Konvertierung in einen Enumerationstypen erfordert explizite Typumwandlung (static_cast-Operator oder eine Typumwandlung im C- oder Funktionsformat)
C:\Users\VWX40C1\Desktop\Coding\C++\Battleships\UI.cpp(35,5): error C2046: Schlüsselwort "case" ungültig
C:\Users\VWX40C1\Desktop\Coding\C++\Battleships\UI.cpp(38,11): error C2440: "Typumwandlung": "int" kann nicht in "Controlls" konvertiert werden
C:\Users\VWX40C1\Desktop\Coding\C++\Battleships\UI.cpp(38,10): message : Konvertierung in einen Enumerationstypen erfordert explizite Typumwandlung (static_cast-Operator oder eine Typumwandlung im C- oder Funktionsformat)
C:\Users\VWX40C1\Desktop\Coding\C++\Battleships\UI.cpp(38,5): error C2046: Schlüsselwort "case" ungültig
C:\Users\VWX40C1\Desktop\Coding\C++\Battleships\UI.cpp(41,11): error C2440: "Typumwandlung": "int" kann nicht in "Controlls" konvertiert werden
C:\Users\VWX40C1\Desktop\Coding\C++\Battleships\UI.cpp(41,10): message : Konvertierung in einen Enumerationstypen erfordert explizite Typumwandlung (static_cast-Operator oder eine Typumwandlung im C- oder Funktionsformat)
C:\Users\VWX40C1\Desktop\Coding\C++\Battleships\UI.cpp(41,5): error C2046: Schlüsselwort "case" ungültig
C:\Users\VWX40C1\Desktop\Coding\C++\Battleships\UI.cpp(46,5): warning C4065: switch-Anweisung enthält "default", aber keine case-Bezeichnungen
C:\Users\VWX40C1\Desktop\Coding\C++\Battleships\UI.cpp(49,87): error C2724: "UI::displayMenu": "static" sollte nicht für Memberfunktionen verwendet werden, die außerhalb der Klasse definiert werden
C:\Users\VWX40C1\Desktop\Coding\C++\Battleships\UI.cpp(50,20): error C2039: "titleBox" ist kein Member von "console_utils".
C:\Users\VWX40C1\Desktop\Coding\C++\Battleships\console_utils.h(11): message : Siehe Deklaration von "console_utils"
C:\Users\VWX40C1\Desktop\Coding\C++\Battleships\UI.cpp(51,35): error C2065: "consoleHeight": nichtdeklarierter Bezeichner
C:\Users\VWX40C1\Desktop\Coding\C++\Battleships\UI.cpp(51,57): error C2065: "consoleWidth": nichtdeklarierter Bezeichner
C:\Users\VWX40C1\Desktop\Coding\C++\Battleships\UI.cpp(54,49): error C2065: "consoleWidth": nichtdeklarierter Bezeichner
C:\Users\VWX40C1\Desktop\Coding\C++\Battleships\UI.cpp(56,20): error C2039: "currentControlls" ist kein Member von "console_utils".
C:\Users\VWX40C1\Desktop\Coding\C++\Battleships\console_utils.h(11): message : Siehe Deklaration von "console_utils"
C:\Users\VWX40C1\Desktop\Coding\C++\Battleships\UI.cpp(56,37): error C2065: "MENU": nichtdeklarierter Bezeichner
C:\Users\VWX40C1\Desktop\Coding\C++\Battleships\UI.cpp(59,82): error C2724: "UI::printField": "static" sollte nicht für Memberfunktionen verwendet werden, die außerhalb der Klasse definiert werden
C:\Users\VWX40C1\Desktop\Coding\C++\Battleships\UI.cpp(62,26): error C2065: "gameSetup": nichtdeklarierter Bezeichner
C:\Users\VWX40C1\Desktop\Coding\C++\Battleships\UI.cpp(63,19): error C2065: "gameSetup": nichtdeklarierter Bezeichner
C:\Users\VWX40C1\Desktop\Coding\C++\Battleships\UI.cpp(63,59): error C2065: "gameSetup": nichtdeklarierter Bezeichner
C:\Users\VWX40C1\Desktop\Coding\C++\Battleships\UI.cpp(63,106): error C2065: "gameSetup": nichtdeklarierter Bezeichner
C:\Users\VWX40C1\Desktop\Coding\C++\Battleships\UI.cpp(68,25): error C2065: "gameSetup": nichtdeklarierter Bezeichner
C:\Users\VWX40C1\Desktop\Coding\C++\Battleships\UI.cpp(69,13): error C2065: "gameSetup": nichtdeklarierter Bezeichner
C:\Users\VWX40C1\Desktop\Coding\C++\Battleships\UI.cpp(70,22): error C2065: "gameSetup": nichtdeklarierter Bezeichner
C:\Users\VWX40C1\Desktop\Coding\C++\Battleships\UI.cpp(71,29): error C2065: "gameSetup": nichtdeklarierter Bezeichner
C:\Users\VWX40C1\Desktop\Coding\C++\Battleships\UI.cpp(90,42): error C2065: "gameSetup": nichtdeklarierter Bezeichner
C:\Users\VWX40C1\Desktop\Coding\C++\Battleships\UI.cpp(93,35): error C2065: "fieldDisplayWidth": nichtdeklarierter Bezeichner
C:\Users\VWX40C1\Desktop\Coding\C++\Battleships\UI.cpp(99,119): error C2724: "UI::renderPlace": "static" sollte nicht für Memberfunktionen verwendet werden, die außerhalb der Klasse definiert werden
C:\Users\VWX40C1\Desktop\Coding\C++\Battleships\UI.cpp(103,90): error C2724: "UI::renderShoot": "static" sollte nicht für Memberfunktionen verwendet werden, die außerhalb der Klasse definiert werden
C:\Users\VWX40C1\Desktop\Coding\C++\Battleships\UI.cpp(107,62): error C2724: "UI::renderMulti": "static" sollte nicht für Memberfunktionen verwendet werden, die außerhalb der Klasse definiert werden
C:\Users\VWX40C1\Desktop\Coding\C++\Battleships\UI.cpp(111,51): error C2724: "UI::fieldBox": "static" sollte nicht für Memberfunktionen verwendet werden, die außerhalb der Klasse definiert werden
C:\Users\VWX40C1\Desktop\Coding\C++\Battleships\UI.cpp(119,17): error C2065: "fieldDisplayWidth": nichtdeklarierter Bezeichner
C:\Users\VWX40C1\Desktop\Coding\C++\Battleships\UI.cpp(124,26): error C2065: "fieldDisplayHeight": nichtdeklarierter Bezeichner
C:\Users\VWX40C1\Desktop\Coding\C++\Battleships\UI.cpp(131,39): error C2065: "fieldDisplayHeight": nichtdeklarierter Bezeichner
C:\Users\VWX40C1\Desktop\Coding\C++\Battleships\UI.cpp(139,9): error C2065: "menuStack": nichtdeklarierter Bezeichner
C:\Users\VWX40C1\Desktop\Coding\C++\Battleships\UI.cpp(140,9): error C2065: "menuStack": nichtdeklarierter Bezeichner
C:\Users\VWX40C1\Desktop\Coding\C++\Battleships\UI.cpp(141,16): error C2065: "menuStack": nichtdeklarierter Bezeichner
C:\Users\VWX40C1\Desktop\Coding\C++\Battleships\UI.cpp(145,16): error C2065: "menuStack": nichtdeklarierter Bezeichner
  Code wird generiert...
